<?xml version="1.0" encoding="UTF-8"?>
<!-- Generated by org.testng.reporters.JUnitXMLReporter -->
<testsuite ignored="4" hostname="DESKTOP-OBQ3MPO" failures="0" tests="8" name="Default test" time="23.352" errors="0" timestamp="2026-01-05T18:22:18 IST">
  <testcase classname="testCases.CartPageValidation" name="TC02_deleItem" time="2.633"/>
  <testcase classname="testCases.HomePageValidation" name="TC01_ClcikOnLangaugeLogo" time="1.361"/>
  <testcase classname="testCases.HomePageValidation" name="TC02_ClickOnLangaugebtn" time="2.064"/>
  <testcase classname="testCases.HomePageValidation" name="TC03_SerachProduct" time="4.39"/>
  <testcase classname="testCases.ProductResultPageValidation" name="TC01_ChoseHpLaptop" time="0.707"/>
  <testcase classname="testCases.ProductResultPageValidation" name="TC02_CheckAllProductIsHp" time="0.037"/>
  <testcase classname="testCases.ProductResultPageValidation" name="TC03_Addproducts" time="0.061"/>
  <testcase classname="testCases.CartPageValidation" name="TC01_CartIteamCount" time="1.266"/>
  <testcase classname="testCases.BaseTest" name="@AfterTest TearDown" time="0.0">
    <ignored/>
  </testcase> <!-- @AfterTest TearDown -->
  <testcase classname="testCases.BaseTest" name="@BeforeTest OpenBrowser" time="0.0">
    <ignored/>
  </testcase> <!-- @BeforeTest OpenBrowser -->
  <testcase classname="testCases.BaseTest" name="@AfterTest TearDown" time="0.0">
    <ignored/>
  </testcase> <!-- @AfterTest TearDown -->
  <testcase classname="testCases.BaseTest" name="@BeforeTest OpenBrowser" time="0.0">
    <ignored/>
  </testcase> <!-- @BeforeTest OpenBrowser -->
</testsuite> <!-- Default test -->
