<?xml version="1.0" encoding="UTF-8"?>
<!-- Generated by org.testng.reporters.JUnitXMLReporter -->
<testsuite ignored="1" hostname="DESKTOP-OBQ3MPO" failures="0" tests="1" name="cartPage" time="10.044" errors="0" timestamp="2026-01-05T16:35:22 IST">
  <testcase classname="testCases.CartPageValidation" name="TC01_CartIteamCount" time="5.633"/>
  <testcase classname="testCases.CartPageValidation" name="TC02_deleItem" time="0.0">
    <ignored/>
  </testcase> <!-- TC02_deleItem -->
</testsuite> <!-- cartPage -->
