<?xml version="1.0" encoding="UTF-8"?>
<!-- Generated by org.testng.reporters.JUnitXMLReporter -->
<testsuite ignored="2" hostname="DESKTOP-OBQ3MPO" failures="0" tests="1" name="HomePage" time="36.189" errors="0" timestamp="2026-01-05T16:53:03 IST">
  <testcase classname="testCases.HomePageValidation" name="TC03_SerachProduct" time="11.322"/>
  <testcase classname="testCases.HomePageValidation" name="TC02_ClickOnLangaugebtn" time="0.0">
    <ignored/>
  </testcase> <!-- TC02_ClickOnLangaugebtn -->
  <testcase classname="testCases.HomePageValidation" name="TC01_ClcikOnLangaugeLogo" time="0.0">
    <ignored/>
  </testcase> <!-- TC01_ClcikOnLangaugeLogo -->
</testsuite> <!-- HomePage -->
