<?xml version="1.0" encoding="UTF-8"?>
<!-- Generated by org.testng.reporters.JUnitXMLReporter -->
<testsuite ignored="2" hostname="DESKTOP-OBQ3MPO" failures="0" tests="1" name="HomePage" time="6.456" errors="0" timestamp="2026-01-04T17:30:43 IST">
  <testcase classname="testCases.HomePageValidation" name="TC03_SerachProduct" time="5.707"/>
  <testcase classname="testCases.HomePageValidation" name="TC01_ClcikOnLangaugeLogo" time="0.0">
    <ignored/>
  </testcase> <!-- TC01_ClcikOnLangaugeLogo -->
  <testcase classname="testCases.HomePageValidation" name="TC02_ClickOnLangaugebtn" time="0.0">
    <ignored/>
  </testcase> <!-- TC02_ClickOnLangaugebtn -->
</testsuite> <!-- HomePage -->
