<?xml version="1.0" encoding="UTF-8"?>
<!-- Generated by org.testng.reporters.JUnitXMLReporter -->
<testsuite ignored="0" hostname="DESKTOP-OBQ3MPO" failures="0" tests="3" name="ProductPage" time="3.904" errors="0" timestamp="2026-01-04T17:30:47 IST">
  <testcase classname="testCases.ProductResultPageValidation" name="TC01_ChoseHpLaptop" time="1.638"/>
  <testcase classname="testCases.ProductResultPageValidation" name="TC02_CheckAllProductIsHp" time="0.075"/>
  <testcase classname="testCases.ProductResultPageValidation" name="TC03_Addproducts" time="1.444"/>
</testsuite> <!-- ProductPage -->
