<?xml version="1.0" encoding="UTF-8"?>
<!-- Generated by org.testng.reporters.JUnitXMLReporter -->
<testsuite ignored="2" hostname="DESKTOP-OBQ3MPO" failures="0" tests="0" time="0.79" errors="0" timestamp="2026-01-04T17:30:36 IST">
  <testcase classname="testCases.SignInValidation" name="TC01_OpenSingInPage" time="0.0">
    <ignored/>
  </testcase> <!-- TC01_OpenSingInPage -->
  <testcase classname="testCases.SignInValidation" name="TC02_FillCreds" time="0.0">
    <ignored/>
  </testcase> <!-- TC02_FillCreds -->
</testsuite>
