<?xml version="1.0" encoding="UTF-8"?>
<!-- Generated by org.testng.reporters.JUnitXMLReporter -->
<testsuite ignored="0" hostname="DESKTOP-OBQ3MPO" failures="0" tests="3" name="Test" time="29.023" errors="0" timestamp="2025-12-29T15:39:34 IST">
  <testcase classname="testCases.SignInValidation" name="TC01_OpenSingInPage" time="5.804"/>
  <testcase classname="testCases.SignInValidation" name="TC02_FillCreds" time="15.27"/>
  <testcase classname="testCases.SignInValidation" name="TC02_FillCreds" time="5.172"/>
</testsuite> <!-- Test -->
