<?xml version="1.0" encoding="UTF-8"?>
<!-- Generated by org.testng.reporters.JUnitXMLReporter -->
<testsuite ignored="2" hostname="DESKTOP-OBQ3MPO" failures="0" tests="3" name="Test" time="23.527" errors="0" timestamp="2026-01-04T16:02:09 IST">
  <testcase classname="testCases.HomePageValidation" name="TC01_ClcikOnLangaugeLogo" time="2.642"/>
  <testcase classname="testCases.HomePageValidation" name="TC02_ClickOnLangaugebtn" time="3.639"/>
  <testcase classname="testCases.HomePageValidation" name="TC03_SerachProduct" time="4.799"/>
  <testcase classname="testCases.SignInValidation" name="TC01_OpenSingInPage" time="0.0">
    <ignored/>
  </testcase> <!-- TC01_OpenSingInPage -->
  <testcase classname="testCases.SignInValidation" name="TC02_FillCreds" time="0.0">
    <ignored/>
  </testcase> <!-- TC02_FillCreds -->
</testsuite> <!-- Test -->
