<?xml version="1.0" encoding="UTF-8"?>
<!-- Generated by org.testng.reporters.JUnitXMLReporter -->
<testsuite ignored="0" hostname="DESKTOP-OBQ3MPO" failures="0" tests="5" name="Test" time="51.612" errors="0" timestamp="2025-12-31T14:52:18 IST">
  <testcase classname="testCases.SignInValidation" name="TC01_OpenSingInPage" time="3.097"/>
  <testcase classname="testCases.SignInValidation" name="TC02_FillCreds" time="14.475"/>
  <testcase classname="testCases.SignInValidation" name="TC02_FillCreds" time="5.445"/>
  <testcase classname="testCases.HomePageValidation" name="TC01_ClcikOnLangaugeLogo" time="2.27"/>
  <testcase classname="testCases.HomePageValidation" name="TC02_ClickOnLangaugebtn" time="3.833"/>
</testsuite> <!-- Test -->
