<?xml version="1.0" encoding="UTF-8"?>
<!-- Generated by org.testng.reporters.JUnitXMLReporter -->
<testsuite ignored="0" hostname="DESKTOP-OBQ3MPO" failures="0" tests="3" name="Test" time="23.77" errors="0" timestamp="2025-12-29T15:44:42 IST">
  <testcase classname="testCases.SignInValidation" name="TC01_OpenSingInPage" time="2.061"/>
  <testcase classname="testCases.SignInValidation" name="TC02_FillCreds" time="13.915"/>
  <testcase classname="testCases.SignInValidation" name="TC02_FillCreds" time="4.89"/>
</testsuite> <!-- Test -->
