<?xml version="1.0" encoding="UTF-8"?>
<testsuite xmlns:xsi="http://www.w3.org/2001/XMLSchema-instance" xsi:noNamespaceSchemaLocation="https://maven.apache.org/surefire/maven-surefire-plugin/xsd/surefire-test-report-3.0.xsd" version="3.0" name="TestSuite" time="54.262" tests="5" errors="0" skipped="0" failures="0">
  <properties>
[...]
</properties>
  <testcase name="TC01_OpenSingInPage" classname="testCases.SignInValidation" time="3.298">
    <system-out><![CDATA[org.openqa.selenium.NoSuchElementException: no such element: Unable to locate element: {"method":"xpath","selector":"//button[.='Continue shopping']"}
  (Session info: chrome=143.0.7499.170)
For documentation on this error, please visit: https://www.selenium.dev/documentation/webdriver/troubleshooting/errors#nosuchelementexception
Build info: version: '4.38.0', revision: '6b412e825c*'
System info: os.name: 'Windows 10', os.arch: 'amd64', os.version: '10.0', java.version: '17.0.17'
Driver info: org.openqa.selenium.chrome.ChromeDriver
Command: [4f8d824ebf2cc047fa684c99ee58f2d4, findElement {value=//button[.='Continue shopping'], using=xpath}]
Capabilities {acceptInsecureCerts: false, browserName: chrome, browserVersion: 143.0.7499.170, chrome: {chromedriverVersion: 143.0.7499.169 (164b20aab62..., userDataDir: C:\Users\HP\AppData\Local\T...}, fedcm:accounts: true, goog:chromeOptions: {debuggerAddress: localhost:49625}, goog:processID: 18272, networkConnectionEnabled: false, pageLoadStrategy: normal, platformName: windows, proxy: Proxy(), se:cdp: ws://localhost:49625/devtoo..., se:cdpVersion: 143.0.7499.170, setWindowRect: true, strictFileInteractability: false, timeouts: {implicit: 0, pageLoad: 300000, script: 30000}, unhandledPromptBehavior: dismiss and notify, webauthn:extension:credBlob: true, webauthn:extension:largeBlob: true, webauthn:extension:minPinLength: true, webauthn:extension:prf: true, webauthn:virtualAuthenticators: true}
Session ID: 4f8d824ebf2cc047fa684c99ee58f2d4
14:51:37.717 [main] INFO  pages.SignInPage - CLICK ON SIGN IN BUTTON
14:51:40.954 [main] INFO  utilities.ListenerClass - TEST PASSED : TC01_OpenSingInPage
]]></system-out>
    <system-err><![CDATA[SLF4J: Failed to load class "org.slf4j.impl.StaticLoggerBinder".
SLF4J: Defaulting to no-operation (NOP) logger implementation
SLF4J: See http://www.slf4j.org/codes.html#StaticLoggerBinder for further details.
Dec 31, 2025 2:51:30 PM org.openqa.selenium.devtools.CdpVersionFinder findNearestMatch
WARNING: Unable to find an exact match for CDP version 143, returning the closest version; found: 142; Please update to a Selenium version that supports CDP version 143
]]></system-err>
  </testcase>
  <testcase name="TC02_FillCreds[88aamankhan@gmail.com, Amna@071125, pass](1)" classname="testCases.SignInValidation" time="14.599">
    <system-out><![CDATA[14:51:42.453 [main] INFO  pages.SignInPage - Starting login test with expected result: pass
14:51:42.457 [main] INFO  pages.SignInPage - Entering email
14:51:43.287 [main] INFO  pages.SignInPage - Clicking Continue button
14:51:45.864 [main] INFO  pages.SignInPage - Entering password
14:51:46.376 [main] INFO  pages.SignInPage - Clicking Sign In button
14:51:51.195 [main] INFO  pages.SignInPage - Validating successful login
14:51:51.195 [main] INFO  pages.SignInPage - Checking if user is logged in
14:51:57.052 [main] INFO  utilities.ListenerClass - TEST PASSED : TC02_FillCreds
]]></system-out>
  </testcase>
  <testcase name="TC02_FillCreds[88aamankhan@gmail.com, Khan@00981, fail](2)" classname="testCases.SignInValidation" time="5.586">
    <system-out><![CDATA[14:51:57.062 [main] INFO  pages.SignInPage - Starting login test with expected result: fail
14:51:57.063 [main] INFO  pages.SignInPage - Entering email
14:51:57.538 [main] INFO  pages.SignInPage - Clicking Continue button
14:51:59.716 [main] INFO  pages.SignInPage - Entering password
14:52:00.138 [main] INFO  pages.SignInPage - Clicking Sign In button
14:52:02.392 [main] INFO  pages.SignInPage - Validating login failure
14:52:02.395 [main] INFO  pages.SignInPage - Checking login error message
14:52:02.465 [main] ERROR pages.SignInPage - Login error message displayed: There was a problem
14:52:02.648 [main] INFO  utilities.ListenerClass - TEST PASSED : TC02_FillCreds
]]></system-out>
  </testcase>
  <testcase name="TC01_ClcikOnLangaugeLogo" classname="testCases.HomePageValidation" time="2.455">
    <system-out><![CDATA[org.openqa.selenium.NoSuchElementException: no such element: Unable to locate element: {"method":"xpath","selector":"//button[.='Continue shopping']"}
  (Session info: chrome=143.0.7499.170)
For documentation on this error, please visit: https://www.selenium.dev/documentation/webdriver/troubleshooting/errors#nosuchelementexception
Build info: version: '4.38.0', revision: '6b412e825c*'
System info: os.name: 'Windows 10', os.arch: 'amd64', os.version: '10.0', java.version: '17.0.17'
Driver info: org.openqa.selenium.chrome.ChromeDriver
Command: [1155a93a5fbb567063e1d793b45f7738, findElement {value=//button[.='Continue shopping'], using=xpath}]
Capabilities {acceptInsecureCerts: false, browserName: chrome, browserVersion: 143.0.7499.170, chrome: {chromedriverVersion: 143.0.7499.169 (164b20aab62..., userDataDir: C:\Users\HP\AppData\Local\T...}, fedcm:accounts: true, goog:chromeOptions: {debuggerAddress: localhost:49855}, goog:processID: 6920, networkConnectionEnabled: false, pageLoadStrategy: normal, platformName: windows, proxy: Proxy(), se:cdp: ws://localhost:49855/devtoo..., se:cdpVersion: 143.0.7499.170, setWindowRect: true, strictFileInteractability: false, timeouts: {implicit: 0, pageLoad: 300000, script: 30000}, unhandledPromptBehavior: dismiss and notify, webauthn:extension:credBlob: true, webauthn:extension:largeBlob: true, webauthn:extension:minPinLength: true, webauthn:extension:prf: true, webauthn:virtualAuthenticators: true}
Session ID: 1155a93a5fbb567063e1d793b45f7738
14:52:10.895 [main] INFO  pages.HomePage - CLICK ON LANGAUGE LOGO
14:52:13.162 [main] INFO  pages.HomePage - Successfully navigate langauge page
14:52:13.163 [main] INFO  pages.HomePage - Test Case Pass
14:52:13.351 [main] INFO  utilities.ListenerClass - TEST PASSED : TC01_ClcikOnLangaugeLogo
]]></system-out>
    <system-err><![CDATA[Dec 31, 2025 2:52:02 PM org.openqa.selenium.remote.http.WebSocket$Listener onError
WARNING: Connection reset
java.net.SocketException: Connection reset
	at java.base/sun.nio.ch.SocketChannelImpl.throwConnectionReset(SocketChannelImpl.java:394)
	at java.base/sun.nio.ch.SocketChannelImpl.read(SocketChannelImpl.java:426)
	at java.net.http/jdk.internal.net.http.SocketTube.readAvailable(SocketTube.java:1178)
	at java.net.http/jdk.internal.net.http.SocketTube$InternalReadPublisher$InternalReadSubscription.read(SocketTube.java:841)
	at java.net.http/jdk.internal.net.http.SocketTube$SocketFlowTask.run(SocketTube.java:181)
	at java.net.http/jdk.internal.net.http.common.SequentialScheduler$SchedulableTask.run(SequentialScheduler.java:230)
	at java.net.http/jdk.internal.net.http.common.SequentialScheduler.runOrSchedule(SequentialScheduler.java:303)
	at java.net.http/jdk.internal.net.http.common.SequentialScheduler.runOrSchedule(SequentialScheduler.java:256)
	at java.net.http/jdk.internal.net.http.SocketTube$InternalReadPublisher$InternalReadSubscription.signalReadable(SocketTube.java:782)
	at java.net.http/jdk.internal.net.http.SocketTube$InternalReadPublisher$ReadEvent.signalEvent(SocketTube.java:965)
	at java.net.http/jdk.internal.net.http.SocketTube$SocketFlowEvent.handle(SocketTube.java:253)
	at java.net.http/jdk.internal.net.http.HttpClientImpl$SelectorManager.handleEvent(HttpClientImpl.java:1402)
	at java.net.http/jdk.internal.net.http.HttpClientImpl$SelectorManager.lambda$run$3(HttpClientImpl.java:1347)
	at java.base/java.util.ArrayList.forEach(ArrayList.java:1511)
	at java.net.http/jdk.internal.net.http.HttpClientImpl$SelectorManager.run(HttpClientImpl.java:1347)

Dec 31, 2025 2:52:05 PM org.openqa.selenium.devtools.CdpVersionFinder findNearestMatch
WARNING: Unable to find an exact match for CDP version 143, returning the closest version; found: 142; Please update to a Selenium version that supports CDP version 143
]]></system-err>
  </testcase>
  <testcase name="TC02_ClickOnLangaugebtn" classname="testCases.HomePageValidation" time="4.158">
    <system-out><![CDATA[14:52:13.358 [main] INFO  pages.HomePage - User wants to change language to: HI
14:52:13.935 [main] INFO  pages.HomePage - Language changed successfully to: HI
14:52:17.188 [main] INFO  pages.HomePage - Language changed successfully
14:52:17.514 [main] INFO  utilities.ListenerClass - TEST PASSED : TC02_ClickOnLangaugebtn
]]></system-out>
  </testcase>
</testsuite>