<?xml version="1.0" encoding="UTF-8"?>
<testng-results ignored="0" total="3" passed="2" failed="1" skipped="0">
  <reporter-output>
  </reporter-output>
  <suite started-at="2025-12-29T17:04:00 IST" name="Default suite" finished-at="2025-12-29T17:04:24 IST" duration-ms="24228">
    <groups>
      <group name="HomePage">
        <method signature="SignInValidation.TC01_OpenSingInPage()[pri:0, instance:testCases.SignInValidation@4ed5eb72]" name="TC01_OpenSingInPage" class="testCases.SignInValidation"/>
        <method signature="SignInValidation.TC02_FillCreds(java.lang.String,java.lang.String,java.lang.String)[pri:0, instance:testCases.SignInValidation@4ed5eb72]" name="TC02_FillCreds" class="testCases.SignInValidation"/>
      </group> <!-- HomePage -->
      <group name="regression">
        <method signature="SignInValidation.TC01_OpenSingInPage()[pri:0, instance:testCases.SignInValidation@4ed5eb72]" name="TC01_OpenSingInPage" class="testCases.SignInValidation"/>
        <method signature="SignInValidation.TC02_FillCreds(java.lang.String,java.lang.String,java.lang.String)[pri:0, instance:testCases.SignInValidation@4ed5eb72]" name="TC02_FillCreds" class="testCases.SignInValidation"/>
      </group> <!-- regression -->
      <group name="SignIn">
        <method signature="SignInValidation.TC01_OpenSingInPage()[pri:0, instance:testCases.SignInValidation@4ed5eb72]" name="TC01_OpenSingInPage" class="testCases.SignInValidation"/>
        <method signature="SignInValidation.TC02_FillCreds(java.lang.String,java.lang.String,java.lang.String)[pri:0, instance:testCases.SignInValidation@4ed5eb72]" name="TC02_FillCreds" class="testCases.SignInValidation"/>
      </group> <!-- SignIn -->
    </groups>
    <test started-at="2025-12-29T17:04:00 IST" name="Default test" finished-at="2025-12-29T17:04:24 IST" duration-ms="24228">
      <class name="testCases.SignInValidation">
        <test-method is-config="true" signature="OpenBrowser()[pri:0, instance:testCases.SignInValidation@4ed5eb72]" started-at="2025-12-29T17:03:50 IST" name="OpenBrowser" finished-at="2025-12-29T17:04:00 IST" duration-ms="9592" status="PASS">
          <reporter-output>
          </reporter-output>
        </test-method> <!-- OpenBrowser -->
        <test-method is-config="true" signature="Objcet()[pri:0, instance:testCases.SignInValidation@4ed5eb72]" started-at="2025-12-29T17:04:00 IST" name="Objcet" finished-at="2025-12-29T17:04:00 IST" duration-ms="105" status="PASS">
          <reporter-output>
          </reporter-output>
        </test-method> <!-- Objcet -->
        <test-method signature="TC01_OpenSingInPage()[pri:0, instance:testCases.SignInValidation@4ed5eb72]" started-at="2025-12-29T17:04:00 IST" name="TC01_OpenSingInPage" finished-at="2025-12-29T17:04:03 IST" duration-ms="3084" status="PASS">
          <reporter-output>
          </reporter-output>
        </test-method> <!-- TC01_OpenSingInPage -->
        <test-method is-config="true" signature="Objcet()[pri:0, instance:testCases.SignInValidation@4ed5eb72]" started-at="2025-12-29T17:04:05 IST" name="Objcet" finished-at="2025-12-29T17:04:05 IST" duration-ms="30" status="PASS">
          <reporter-output>
          </reporter-output>
        </test-method> <!-- Objcet -->
        <test-method signature="TC02_FillCreds(java.lang.String,java.lang.String,java.lang.String)[pri:0, instance:testCases.SignInValidation@4ed5eb72]" started-at="2025-12-29T17:04:05 IST" name="TC02_FillCreds" data-provider="ExcelData" finished-at="2025-12-29T17:04:19 IST" duration-ms="13379" status="PASS">
          <params>
            <param index="0">
              <value>
                <![CDATA[88aamankhan@gmail.com]]>
              </value>
            </param>
            <param index="1">
              <value>
                <![CDATA[Amna@071125]]>
              </value>
            </param>
            <param index="2">
              <value>
                <![CDATA[pass]]>
              </value>
            </param>
          </params>
          <reporter-output>
          </reporter-output>
        </test-method> <!-- TC02_FillCreds -->
        <test-method is-config="true" signature="Objcet()[pri:0, instance:testCases.SignInValidation@4ed5eb72]" started-at="2025-12-29T17:04:19 IST" name="Objcet" finished-at="2025-12-29T17:04:19 IST" duration-ms="2" status="PASS">
          <reporter-output>
          </reporter-output>
        </test-method> <!-- Objcet -->
        <test-method signature="TC02_FillCreds(java.lang.String,java.lang.String,java.lang.String)[pri:0, instance:testCases.SignInValidation@4ed5eb72]" started-at="2025-12-29T17:04:19 IST" name="TC02_FillCreds" data-provider="ExcelData" finished-at="2025-12-29T17:04:24 IST" duration-ms="5259" status="FAIL">
          <params>
            <param index="0">
              <value>
                <![CDATA[88aamankhan@gmail.com]]>
              </value>
            </param>
            <param index="1">
              <value>
                <![CDATA[Khan@00981]]>
              </value>
            </param>
            <param index="2">
              <value>
                <![CDATA[fail]]>
              </value>
            </param>
          </params>
          <exception class="java.lang.AssertionError">
            <message>
              <![CDATA[expected [true] but found [false]]]>
            </message>
            <full-stacktrace>
              <![CDATA[java.lang.AssertionError: expected [true] but found [false]
at org.testng.Assert.fail(Assert.java:111)
at org.testng.Assert.failNotEquals(Assert.java:1590)
at org.testng.Assert.assertTrue(Assert.java:57)
at org.testng.Assert.assertTrue(Assert.java:67)
at testCases.SignInValidation.TC02_FillCreds(SignInValidation.java:40)
at java.base/jdk.internal.reflect.NativeMethodAccessorImpl.invoke0(Native Method)
at java.base/jdk.internal.reflect.NativeMethodAccessorImpl.invoke(NativeMethodAccessorImpl.java:77)
at java.base/jdk.internal.reflect.DelegatingMethodAccessorImpl.invoke(DelegatingMethodAccessorImpl.java:43)
at java.base/java.lang.reflect.Method.invoke(Method.java:569)
at org.testng.internal.invokers.MethodInvocationHelper.invokeMethod(MethodInvocationHelper.java:141)
at org.testng.internal.invokers.TestInvoker.invokeMethod(TestInvoker.java:687)
at org.testng.internal.invokers.TestInvoker.invokeTestMethod(TestInvoker.java:230)
at org.testng.internal.invokers.MethodRunner.runInSequence(MethodRunner.java:63)
at org.testng.internal.invokers.TestInvoker$MethodInvocationAgent.invoke(TestInvoker.java:995)
at org.testng.internal.invokers.TestInvoker.invokeTestMethods(TestInvoker.java:203)
at org.testng.internal.invokers.TestMethodWorker.invokeTestMethods(TestMethodWorker.java:154)
at org.testng.internal.invokers.TestMethodWorker.run(TestMethodWorker.java:134)
at java.base/java.util.ArrayList.forEach(ArrayList.java:1511)
at org.testng.TestRunner.privateRun(TestRunner.java:741)
at org.testng.TestRunner.run(TestRunner.java:616)
at org.testng.SuiteRunner.runTest(SuiteRunner.java:421)
at org.testng.SuiteRunner.runSequentially(SuiteRunner.java:413)
at org.testng.SuiteRunner.privateRun(SuiteRunner.java:373)
at org.testng.SuiteRunner.run(SuiteRunner.java:312)
at org.testng.SuiteRunnerWorker.runSuite(SuiteRunnerWorker.java:52)
at org.testng.SuiteRunnerWorker.run(SuiteRunnerWorker.java:95)
at org.testng.TestNG.runSuitesSequentially(TestNG.java:1274)
at org.testng.TestNG.runSuitesLocally(TestNG.java:1208)
at org.testng.TestNG.runSuites(TestNG.java:1112)
at org.testng.TestNG.run(TestNG.java:1079)
at org.testng.remote.AbstractRemoteTestNG.run(AbstractRemoteTestNG.java:115)
at org.testng.remote.RemoteTestNG.initAndRun(RemoteTestNG.java:293)
at org.testng.remote.RemoteTestNG.main(RemoteTestNG.java:91)
]]>
            </full-stacktrace>
          </exception> <!-- java.lang.AssertionError -->
          <reporter-output>
          </reporter-output>
        </test-method> <!-- TC02_FillCreds -->
        <test-method is-config="true" signature="TearDown()[pri:0, instance:testCases.SignInValidation@4ed5eb72]" started-at="2025-12-29T17:04:24 IST" name="TearDown" finished-at="2025-12-29T17:04:24 IST" duration-ms="375" status="PASS">
          <reporter-output>
          </reporter-output>
        </test-method> <!-- TearDown -->
      </class> <!-- testCases.SignInValidation -->
    </test> <!-- Default test -->
  </suite> <!-- Default suite -->
</testng-results>
