<?xml version="1.0" encoding="UTF-8"?>
<testng-results ignored="4" total="8" passed="4" failed="0" skipped="0">
  <reporter-output>
  </reporter-output>
  <suite started-at="2026-01-04T17:30:33 IST" name="Suite" finished-at="2026-01-04T17:30:47 IST" duration-ms="13158">
    <groups>
      <group name="productResult">
        <method signature="HomePageValidation.TC03_SerachProduct()[pri:0, instance:testCases.HomePageValidation@77825085]" name="TC03_SerachProduct" class="testCases.HomePageValidation"/>
        <method signature="ProductResultPageValidation.TC01_ChoseHpLaptop()[pri:0, instance:testCases.ProductResultPageValidation@6fb365ed]" name="TC01_ChoseHpLaptop" class="testCases.ProductResultPageValidation"/>
        <method signature="ProductResultPageValidation.TC02_CheckAllProductIsHp()[pri:0, instance:testCases.ProductResultPageValidation@6fb365ed]" name="TC02_CheckAllProductIsHp" class="testCases.ProductResultPageValidation"/>
        <method signature="ProductResultPageValidation.TC03_Addproducts()[pri:0, instance:testCases.ProductResultPageValidation@6fb365ed]" name="TC03_Addproducts" class="testCases.ProductResultPageValidation"/>
      </group> <!-- productResult -->
      <group name="homepage">
        <method signature="HomePageValidation.TC03_SerachProduct()[pri:0, instance:testCases.HomePageValidation@77825085]" name="TC03_SerachProduct" class="testCases.HomePageValidation"/>
      </group> <!-- homepage -->
    </groups>
    <test started-at="2026-01-04T17:30:33 IST" name="SignIn" finished-at="2026-01-04T17:30:34 IST" duration-ms="790">
    </test> <!-- SignIn -->
    <test started-at="2026-01-04T17:30:36 IST" name="HomePage" finished-at="2026-01-04T17:30:42 IST" duration-ms="6456">
      <class name="testCases.HomePageValidation">
        <test-method is-config="true" signature="Object()[pri:0, instance:testCases.HomePageValidation@77825085]" started-at="2026-01-04T17:30:36 IST" name="Object" finished-at="2026-01-04T17:30:36 IST" duration-ms="64" status="PASS">
          <reporter-output>
          </reporter-output>
        </test-method> <!-- Object -->
        <test-method signature="TC03_SerachProduct()[pri:0, instance:testCases.HomePageValidation@77825085]" started-at="2026-01-04T17:30:36 IST" name="TC03_SerachProduct" finished-at="2026-01-04T17:30:42 IST" duration-ms="5707" status="PASS">
          <reporter-output>
          </reporter-output>
        </test-method> <!-- TC03_SerachProduct -->
      </class> <!-- testCases.HomePageValidation -->
    </test> <!-- HomePage -->
    <test started-at="2026-01-04T17:30:43 IST" name="ProductPage" finished-at="2026-01-04T17:30:47 IST" duration-ms="3904">
      <class name="testCases.ProductResultPageValidation">
        <test-method is-config="true" signature="OpenBrowser()[pri:0, instance:testCases.ProductResultPageValidation@6fb365ed]" started-at="2026-01-04T17:30:23 IST" name="OpenBrowser" finished-at="2026-01-04T17:30:33 IST" duration-ms="10436" status="PASS">
          <reporter-output>
          </reporter-output>
        </test-method> <!-- OpenBrowser -->
        <test-method is-config="true" signature="Object()[pri:0, instance:testCases.ProductResultPageValidation@6fb365ed]" started-at="2026-01-04T17:30:43 IST" name="Object" finished-at="2026-01-04T17:30:43 IST" duration-ms="6" status="PASS">
          <reporter-output>
          </reporter-output>
        </test-method> <!-- Object -->
        <test-method signature="TC01_ChoseHpLaptop()[pri:0, instance:testCases.ProductResultPageValidation@6fb365ed]" started-at="2026-01-04T17:30:43 IST" name="TC01_ChoseHpLaptop" finished-at="2026-01-04T17:30:44 IST" duration-ms="1638" status="PASS">
          <reporter-output>
          </reporter-output>
        </test-method> <!-- TC01_ChoseHpLaptop -->
        <test-method is-config="true" signature="Object()[pri:0, instance:testCases.ProductResultPageValidation@6fb365ed]" started-at="2026-01-04T17:30:45 IST" name="Object" finished-at="2026-01-04T17:30:45 IST" duration-ms="3" status="PASS">
          <reporter-output>
          </reporter-output>
        </test-method> <!-- Object -->
        <test-method signature="TC02_CheckAllProductIsHp()[pri:0, instance:testCases.ProductResultPageValidation@6fb365ed]" started-at="2026-01-04T17:30:45 IST" name="TC02_CheckAllProductIsHp" finished-at="2026-01-04T17:30:45 IST" duration-ms="75" status="PASS">
          <reporter-output>
          </reporter-output>
        </test-method> <!-- TC02_CheckAllProductIsHp -->
        <test-method is-config="true" signature="Object()[pri:0, instance:testCases.ProductResultPageValidation@6fb365ed]" started-at="2026-01-04T17:30:45 IST" name="Object" finished-at="2026-01-04T17:30:45 IST" duration-ms="2" status="PASS">
          <reporter-output>
          </reporter-output>
        </test-method> <!-- Object -->
        <test-method signature="TC03_Addproducts()[pri:0, instance:testCases.ProductResultPageValidation@6fb365ed]" started-at="2026-01-04T17:30:45 IST" name="TC03_Addproducts" finished-at="2026-01-04T17:30:46 IST" duration-ms="1444" status="PASS">
          <reporter-output>
          </reporter-output>
        </test-method> <!-- TC03_Addproducts -->
        <test-method is-config="true" signature="TearDown()[pri:0, instance:testCases.ProductResultPageValidation@6fb365ed]" started-at="2026-01-04T17:30:47 IST" name="TearDown" finished-at="2026-01-04T17:30:47 IST" duration-ms="411" status="PASS">
          <reporter-output>
          </reporter-output>
        </test-method> <!-- TearDown -->
      </class> <!-- testCases.ProductResultPageValidation -->
    </test> <!-- ProductPage -->
  </suite> <!-- Suite -->
</testng-results>
