<?xml version="1.0" encoding="UTF-8"?>
<testng-results ignored="0" total="5" passed="3" failed="2" skipped="0">
  <reporter-output>
  </reporter-output>
  <suite started-at="2025-12-31T14:44:23 IST" name="Suite" finished-at="2025-12-31T14:45:22 IST" duration-ms="59409">
    <groups>
      <group name="HomePage">
        <method signature="SignInValidation.TC01_OpenSingInPage()[pri:0, instance:testCases.SignInValidation@4ed5eb72]" name="TC01_OpenSingInPage" class="testCases.SignInValidation"/>
        <method signature="SignInValidation.TC02_FillCreds(java.lang.String,java.lang.String,java.lang.String)[pri:0, instance:testCases.SignInValidation@4ed5eb72]" name="TC02_FillCreds" class="testCases.SignInValidation"/>
      </group> <!-- HomePage -->
      <group name="regression">
        <method signature="SignInValidation.TC01_OpenSingInPage()[pri:0, instance:testCases.SignInValidation@4ed5eb72]" name="TC01_OpenSingInPage" class="testCases.SignInValidation"/>
        <method signature="SignInValidation.TC02_FillCreds(java.lang.String,java.lang.String,java.lang.String)[pri:0, instance:testCases.SignInValidation@4ed5eb72]" name="TC02_FillCreds" class="testCases.SignInValidation"/>
      </group> <!-- regression -->
      <group name="SignIn">
        <method signature="SignInValidation.TC01_OpenSingInPage()[pri:0, instance:testCases.SignInValidation@4ed5eb72]" name="TC01_OpenSingInPage" class="testCases.SignInValidation"/>
        <method signature="SignInValidation.TC02_FillCreds(java.lang.String,java.lang.String,java.lang.String)[pri:0, instance:testCases.SignInValidation@4ed5eb72]" name="TC02_FillCreds" class="testCases.SignInValidation"/>
      </group> <!-- SignIn -->
    </groups>
    <test started-at="2025-12-31T14:44:23 IST" name="Test" finished-at="2025-12-31T14:45:22 IST" duration-ms="59409">
      <class name="testCases.SignInValidation">
        <test-method is-config="true" signature="OpenBrowser()[pri:0, instance:testCases.SignInValidation@4ed5eb72]" started-at="2025-12-31T14:44:23 IST" name="OpenBrowser" finished-at="2025-12-31T14:44:32 IST" duration-ms="9138" status="PASS">
          <reporter-output>
          </reporter-output>
        </test-method> <!-- OpenBrowser -->
        <test-method is-config="true" signature="Objcet()[pri:0, instance:testCases.SignInValidation@4ed5eb72]" started-at="2025-12-31T14:44:32 IST" name="Objcet" finished-at="2025-12-31T14:44:32 IST" duration-ms="84" status="PASS">
          <reporter-output>
          </reporter-output>
        </test-method> <!-- Objcet -->
        <test-method signature="TC01_OpenSingInPage()[pri:0, instance:testCases.SignInValidation@4ed5eb72]" started-at="2025-12-31T14:44:32 IST" name="TC01_OpenSingInPage" finished-at="2025-12-31T14:44:35 IST" duration-ms="2827" status="PASS">
          <reporter-output>
          </reporter-output>
        </test-method> <!-- TC01_OpenSingInPage -->
        <test-method is-config="true" signature="Objcet()[pri:0, instance:testCases.SignInValidation@4ed5eb72]" started-at="2025-12-31T14:44:37 IST" name="Objcet" finished-at="2025-12-31T14:44:37 IST" duration-ms="8" status="PASS">
          <reporter-output>
          </reporter-output>
        </test-method> <!-- Objcet -->
        <test-method signature="TC02_FillCreds(java.lang.String,java.lang.String,java.lang.String)[pri:0, instance:testCases.SignInValidation@4ed5eb72]" started-at="2025-12-31T14:44:37 IST" name="TC02_FillCreds" data-provider="ExcelData" finished-at="2025-12-31T14:44:46 IST" duration-ms="9189" status="FAIL">
          <params>
            <param index="0">
              <value>
                <![CDATA[88aamankhan@gmail.com]]>
              </value>
            </param>
            <param index="1">
              <value>
                <![CDATA[Amna@071125]]>
              </value>
            </param>
            <param index="2">
              <value>
                <![CDATA[pass]]>
              </value>
            </param>
          </params>
          <exception class="java.lang.AssertionError">
            <message>
              <![CDATA[expected [true] but found [false]]]>
            </message>
            <full-stacktrace>
              <![CDATA[java.lang.AssertionError: expected [true] but found [false]
at org.testng.Assert.fail(Assert.java:111)
at org.testng.Assert.failNotEquals(Assert.java:1590)
at org.testng.Assert.assertTrue(Assert.java:57)
at org.testng.Assert.assertTrue(Assert.java:67)
at testCases.SignInValidation.TC02_FillCreds(SignInValidation.java:37)
at java.base/jdk.internal.reflect.NativeMethodAccessorImpl.invoke0(Native Method)
at java.base/jdk.internal.reflect.NativeMethodAccessorImpl.invoke(NativeMethodAccessorImpl.java:77)
at java.base/jdk.internal.reflect.DelegatingMethodAccessorImpl.invoke(DelegatingMethodAccessorImpl.java:43)
at java.base/java.lang.reflect.Method.invoke(Method.java:569)
at org.testng.internal.invokers.MethodInvocationHelper.invokeMethod(MethodInvocationHelper.java:141)
at org.testng.internal.invokers.TestInvoker.invokeMethod(TestInvoker.java:687)
at org.testng.internal.invokers.TestInvoker.invokeTestMethod(TestInvoker.java:230)
at org.testng.internal.invokers.MethodRunner.runInSequence(MethodRunner.java:63)
at org.testng.internal.invokers.TestInvoker$MethodInvocationAgent.invoke(TestInvoker.java:995)
at org.testng.internal.invokers.TestInvoker.invokeTestMethods(TestInvoker.java:203)
at org.testng.internal.invokers.TestMethodWorker.invokeTestMethods(TestMethodWorker.java:154)
at org.testng.internal.invokers.TestMethodWorker.run(TestMethodWorker.java:134)
at java.base/java.util.ArrayList.forEach(ArrayList.java:1511)
at org.testng.TestRunner.privateRun(TestRunner.java:741)
at org.testng.TestRunner.run(TestRunner.java:616)
at org.testng.SuiteRunner.runTest(SuiteRunner.java:421)
at org.testng.SuiteRunner.runSequentially(SuiteRunner.java:413)
at org.testng.SuiteRunner.privateRun(SuiteRunner.java:373)
at org.testng.SuiteRunner.run(SuiteRunner.java:312)
at org.testng.SuiteRunnerWorker.runSuite(SuiteRunnerWorker.java:52)
at org.testng.SuiteRunnerWorker.run(SuiteRunnerWorker.java:95)
at org.testng.TestNG.runSuitesSequentially(TestNG.java:1274)
at org.testng.TestNG.runSuitesLocally(TestNG.java:1208)
at org.testng.TestNG.runSuites(TestNG.java:1112)
at org.testng.TestNG.run(TestNG.java:1079)
at org.testng.remote.AbstractRemoteTestNG.run(AbstractRemoteTestNG.java:115)
at org.testng.remote.RemoteTestNG.initAndRun(RemoteTestNG.java:293)
at org.testng.remote.RemoteTestNG.main(RemoteTestNG.java:91)
]]>
            </full-stacktrace>
          </exception> <!-- java.lang.AssertionError -->
          <reporter-output>
          </reporter-output>
        </test-method> <!-- TC02_FillCreds -->
        <test-method is-config="true" signature="Objcet()[pri:0, instance:testCases.SignInValidation@4ed5eb72]" started-at="2025-12-31T14:44:46 IST" name="Objcet" finished-at="2025-12-31T14:44:46 IST" duration-ms="10" status="PASS">
          <reporter-output>
          </reporter-output>
        </test-method> <!-- Objcet -->
        <test-method signature="TC02_FillCreds(java.lang.String,java.lang.String,java.lang.String)[pri:0, instance:testCases.SignInValidation@4ed5eb72]" started-at="2025-12-31T14:44:46 IST" name="TC02_FillCreds" data-provider="ExcelData" finished-at="2025-12-31T14:45:07 IST" duration-ms="20426" status="FAIL">
          <params>
            <param index="0">
              <value>
                <![CDATA[88aamankhan@gmail.com]]>
              </value>
            </param>
            <param index="1">
              <value>
                <![CDATA[Khan@00981]]>
              </value>
            </param>
            <param index="2">
              <value>
                <![CDATA[fail]]>
              </value>
            </param>
          </params>
          <exception class="org.openqa.selenium.TimeoutException">
            <message>
              <![CDATA[Expected condition failed: waiting for element to be clickable: Proxy element for: DefaultElementLocator 'By.id: ap_email_login' (tried for 20 second(s) with 500 milliseconds interval)]]>
            </message>
            <full-stacktrace>
              <![CDATA[org.openqa.selenium.TimeoutException: Expected condition failed: waiting for element to be clickable: Proxy element for: DefaultElementLocator 'By.id: ap_email_login' (tried for 20 second(s) with 500 milliseconds interval)
at org.openqa.selenium.support.ui.WebDriverWait.timeoutException(WebDriverWait.java:84)
at org.openqa.selenium.support.ui.FluentWait.until(FluentWait.java:228)
at base.BaseClass.ElementClickable(BaseClass.java:26)
at pages.SignInPage.FillCredentials(SignInPage.java:49)
at testCases.SignInValidation.TC02_FillCreds(SignInValidation.java:33)
at java.base/jdk.internal.reflect.NativeMethodAccessorImpl.invoke0(Native Method)
at java.base/jdk.internal.reflect.NativeMethodAccessorImpl.invoke(NativeMethodAccessorImpl.java:77)
at java.base/jdk.internal.reflect.DelegatingMethodAccessorImpl.invoke(DelegatingMethodAccessorImpl.java:43)
at java.base/java.lang.reflect.Method.invoke(Method.java:569)
at org.testng.internal.invokers.MethodInvocationHelper.invokeMethod(MethodInvocationHelper.java:141)
at org.testng.internal.invokers.TestInvoker.invokeMethod(TestInvoker.java:687)
at org.testng.internal.invokers.TestInvoker.invokeTestMethod(TestInvoker.java:230)
at org.testng.internal.invokers.MethodRunner.runInSequence(MethodRunner.java:63)
at org.testng.internal.invokers.TestInvoker$MethodInvocationAgent.invoke(TestInvoker.java:995)
at org.testng.internal.invokers.TestInvoker.invokeTestMethods(TestInvoker.java:203)
at org.testng.internal.invokers.TestMethodWorker.invokeTestMethods(TestMethodWorker.java:154)
at org.testng.internal.invokers.TestMethodWorker.run(TestMethodWorker.java:134)
at java.base/java.util.ArrayList.forEach(ArrayList.java:1511)
at org.testng.TestRunner.privateRun(TestRunner.java:741)
at org.testng.TestRunner.run(TestRunner.java:616)
at org.testng.SuiteRunner.runTest(SuiteRunner.java:421)
at org.testng.SuiteRunner.runSequentially(SuiteRunner.java:413)
at org.testng.SuiteRunner.privateRun(SuiteRunner.java:373)
at org.testng.SuiteRunner.run(SuiteRunner.java:312)
at org.testng.SuiteRunnerWorker.runSuite(SuiteRunnerWorker.java:52)
at org.testng.SuiteRunnerWorker.run(SuiteRunnerWorker.java:95)
at org.testng.TestNG.runSuitesSequentially(TestNG.java:1274)
at org.testng.TestNG.runSuitesLocally(TestNG.java:1208)
at org.testng.TestNG.runSuites(TestNG.java:1112)
at org.testng.TestNG.run(TestNG.java:1079)
at org.testng.remote.AbstractRemoteTestNG.run(AbstractRemoteTestNG.java:115)
at org.testng.remote.RemoteTestNG.initAndRun(RemoteTestNG.java:293)
at org.testng.remote.RemoteTestNG.main(RemoteTestNG.java:91)
Caused by: org.openqa.selenium.NoSuchElementException: no such element: Unable to locate element: {"method":"css selector","selector":"#ap_email_login"}
  (Session info: chrome=143.0.7499.170)
For documentation on this error, please visit: https://www.selenium.dev/documentation/webdriver/troubleshooting/errors#nosuchelementexception
Build info: version: '4.38.0', revision: '6b412e825c*'
System info: os.name: 'Windows 10', os.arch: 'amd64', os.version: '10.0', java.version: '17.0.17'
Driver info: org.openqa.selenium.chrome.ChromeDriver
Command: [26bcb1df54f20c25f70e169b9f3ab80f, findElement {using=id, value=ap_email_login}]
Capabilities {acceptInsecureCerts: false, browserName: chrome, browserVersion: 143.0.7499.170, chrome: {chromedriverVersion: 143.0.7499.169 (164b20aab62..., userDataDir: C:\Users\HP\AppData\Local\T...}, fedcm:accounts: true, goog:chromeOptions: {debuggerAddress: localhost:65261}, goog:processID: 19752, networkConnectionEnabled: false, pageLoadStrategy: normal, platformName: windows, proxy: Proxy(), se:cdp: ws://localhost:65261/devtoo..., se:cdpVersion: 143.0.7499.170, setWindowRect: true, strictFileInteractability: false, timeouts: {implicit: 0, pageLoad: 300000, script: 30000}, unhandledPromptBehavior: dismiss and notify, webauthn:extension:credBlob: true, webauthn:extension:largeBlob: true, webauthn:extension:minPinLength: true, webauthn:extension:prf: true, webauthn:virtualAuthenticators: true}
Session ID: 26bcb1df54f20c25f70e169b9f3ab80f
at jdk.internal.reflect.GeneratedConstructorAccessor20.newInstance(Unknown Source)
at java.base/jdk.internal.reflect.DelegatingConstructorAccessorImpl.newInstance(DelegatingConstructorAccessorImpl.java:45)
at java.base/java.lang.reflect.Constructor.newInstanceWithCaller(Constructor.java:500)
at java.base/java.lang.reflect.Constructor.newInstance(Constructor.java:481)
at org.openqa.selenium.remote.ErrorCodec.decode(ErrorCodec.java:167)
at org.openqa.selenium.remote.codec.w3c.W3CHttpResponseCodec.decode(W3CHttpResponseCodec.java:138)
at org.openqa.selenium.remote.codec.w3c.W3CHttpResponseCodec.decode(W3CHttpResponseCodec.java:50)
at org.openqa.selenium.remote.HttpCommandExecutor.execute(HttpCommandExecutor.java:215)
at org.openqa.selenium.remote.service.DriverCommandExecutor.invokeExecute(DriverCommandExecutor.java:216)
at org.openqa.selenium.remote.service.DriverCommandExecutor.execute(DriverCommandExecutor.java:174)
at org.openqa.selenium.remote.RemoteWebDriver.execute(RemoteWebDriver.java:557)
at org.openqa.selenium.remote.ElementLocation$ElementFinder$2.findElement(ElementLocation.java:165)
at org.openqa.selenium.remote.ElementLocation.findElement(ElementLocation.java:59)
at org.openqa.selenium.remote.RemoteWebDriver.findElement(RemoteWebDriver.java:380)
at org.openqa.selenium.remote.RemoteWebDriver.findElement(RemoteWebDriver.java:374)
at org.openqa.selenium.support.pagefactory.DefaultElementLocator.findElement(DefaultElementLocator.java:68)
at org.openqa.selenium.support.pagefactory.internal.LocatingElementHandler.invoke(LocatingElementHandler.java:38)
at jdk.proxy2/jdk.proxy2.$Proxy32.isDisplayed(Unknown Source)
at org.openqa.selenium.support.ui.ExpectedConditions.elementIfVisible(ExpectedConditions.java:308)
at org.openqa.selenium.support.ui.ExpectedConditions$10.apply(ExpectedConditions.java:294)
at org.openqa.selenium.support.ui.ExpectedConditions$10.apply(ExpectedConditions.java:291)
at org.openqa.selenium.support.ui.ExpectedConditions$23.apply(ExpectedConditions.java:662)
at org.openqa.selenium.support.ui.ExpectedConditions$23.apply(ExpectedConditions.java:658)
at org.openqa.selenium.support.ui.FluentWait.until(FluentWait.java:203)
... 31 more
]]>
            </full-stacktrace>
          </exception> <!-- org.openqa.selenium.TimeoutException -->
          <reporter-output>
          </reporter-output>
        </test-method> <!-- TC02_FillCreds -->
        <test-method is-config="true" signature="TearDown()[pri:0, instance:testCases.SignInValidation@4ed5eb72]" started-at="2025-12-31T14:45:07 IST" name="TearDown" finished-at="2025-12-31T14:45:08 IST" duration-ms="477" status="PASS">
          <reporter-output>
          </reporter-output>
        </test-method> <!-- TearDown -->
      </class> <!-- testCases.SignInValidation -->
      <class name="testCases.HomePageValidation">
        <test-method is-config="true" signature="OpenBrowser()[pri:0, instance:testCases.HomePageValidation@10cf09e8]" started-at="2025-12-31T14:45:08 IST" name="OpenBrowser" finished-at="2025-12-31T14:45:15 IST" duration-ms="7277" status="PASS">
          <reporter-output>
          </reporter-output>
        </test-method> <!-- OpenBrowser -->
        <test-method is-config="true" signature="Object()[pri:0, instance:testCases.HomePageValidation@10cf09e8]" started-at="2025-12-31T14:45:15 IST" name="Object" finished-at="2025-12-31T14:45:15 IST" duration-ms="26" status="PASS">
          <reporter-output>
          </reporter-output>
        </test-method> <!-- Object -->
        <test-method signature="TC01_ClcikOnLangaugeLogo()[pri:0, instance:testCases.HomePageValidation@10cf09e8]" started-at="2025-12-31T14:45:15 IST" name="TC01_ClcikOnLangaugeLogo" finished-at="2025-12-31T14:45:17 IST" duration-ms="2145" status="PASS">
          <reporter-output>
          </reporter-output>
        </test-method> <!-- TC01_ClcikOnLangaugeLogo -->
        <test-method is-config="true" signature="Object()[pri:0, instance:testCases.HomePageValidation@10cf09e8]" started-at="2025-12-31T14:45:17 IST" name="Object" finished-at="2025-12-31T14:45:17 IST" duration-ms="3" status="PASS">
          <reporter-output>
          </reporter-output>
        </test-method> <!-- Object -->
        <test-method signature="TC02_ClickOnLangaugebtn()[pri:0, instance:testCases.HomePageValidation@10cf09e8]" started-at="2025-12-31T14:45:17 IST" name="TC02_ClickOnLangaugebtn" finished-at="2025-12-31T14:45:21 IST" duration-ms="3648" status="PASS">
          <reporter-output>
          </reporter-output>
        </test-method> <!-- TC02_ClickOnLangaugebtn -->
        <test-method is-config="true" signature="TearDown()[pri:0, instance:testCases.HomePageValidation@10cf09e8]" started-at="2025-12-31T14:45:21 IST" name="TearDown" finished-at="2025-12-31T14:45:22 IST" duration-ms="668" status="PASS">
          <reporter-output>
          </reporter-output>
        </test-method> <!-- TearDown -->
      </class> <!-- testCases.HomePageValidation -->
    </test> <!-- Test -->
  </suite> <!-- Suite -->
</testng-results>
