<?xml version="1.0" encoding="UTF-8"?>
<testng-results ignored="0" total="2" passed="1" failed="1" skipped="0">
  <reporter-output>
  </reporter-output>
  <suite started-at="2025-12-31T13:49:28 IST" name="Default suite" finished-at="2025-12-31T13:49:44 IST" duration-ms="16569">
    <groups>
    </groups>
    <test started-at="2025-12-31T13:49:28 IST" name="Default test" finished-at="2025-12-31T13:49:44 IST" duration-ms="16569">
      <class name="testCases.HomePageValidation">
        <test-method is-config="true" signature="OpenBrowser()[pri:0, instance:testCases.HomePageValidation@4ed5eb72]" started-at="2025-12-31T13:49:22 IST" name="OpenBrowser" finished-at="2025-12-31T13:49:28 IST" duration-ms="5761" status="PASS">
          <reporter-output>
          </reporter-output>
        </test-method> <!-- OpenBrowser -->
        <test-method is-config="true" signature="Object()[pri:0, instance:testCases.HomePageValidation@4ed5eb72]" started-at="2025-12-31T13:49:28 IST" name="Object" finished-at="2025-12-31T13:49:28 IST" duration-ms="48" status="PASS">
          <reporter-output>
          </reporter-output>
        </test-method> <!-- Object -->
        <test-method signature="TC01_ClcikOnLangaugeLogo()[pri:0, instance:testCases.HomePageValidation@4ed5eb72]" started-at="2025-12-31T13:49:28 IST" name="TC01_ClcikOnLangaugeLogo" finished-at="2025-12-31T13:49:44 IST" duration-ms="15883" status="PASS">
          <reporter-output>
          </reporter-output>
        </test-method> <!-- TC01_ClcikOnLangaugeLogo -->
        <test-method is-config="true" signature="Object()[pri:0, instance:testCases.HomePageValidation@4ed5eb72]" started-at="2025-12-31T13:49:44 IST" name="Object" finished-at="2025-12-31T13:49:44 IST" duration-ms="2" status="PASS">
          <reporter-output>
          </reporter-output>
        </test-method> <!-- Object -->
        <test-method signature="TC02_ClickOnLangaugebtn()[pri:0, instance:testCases.HomePageValidation@4ed5eb72]" started-at="2025-12-31T13:49:44 IST" name="TC02_ClickOnLangaugebtn" finished-at="2025-12-31T13:49:44 IST" duration-ms="529" status="FAIL">
          <exception class="java.lang.AssertionError">
            <message>
              <![CDATA[expected [true] but found [false]]]>
            </message>
            <full-stacktrace>
              <![CDATA[java.lang.AssertionError: expected [true] but found [false]
at org.testng.Assert.fail(Assert.java:111)
at org.testng.Assert.failNotEquals(Assert.java:1590)
at org.testng.Assert.assertEqualsImpl(Assert.java:150)
at org.testng.Assert.assertEquals(Assert.java:132)
at org.testng.Assert.assertEquals(Assert.java:1079)
at org.testng.Assert.assertEquals(Assert.java:1043)
at org.testng.Assert.assertEquals(Assert.java:1089)
at testCases.HomePageValidation.TC02_ClickOnLangaugebtn(HomePageValidation.java:35)
at java.base/jdk.internal.reflect.NativeMethodAccessorImpl.invoke0(Native Method)
at java.base/jdk.internal.reflect.NativeMethodAccessorImpl.invoke(NativeMethodAccessorImpl.java:77)
at java.base/jdk.internal.reflect.DelegatingMethodAccessorImpl.invoke(DelegatingMethodAccessorImpl.java:43)
at java.base/java.lang.reflect.Method.invoke(Method.java:569)
at org.testng.internal.invokers.MethodInvocationHelper.invokeMethod(MethodInvocationHelper.java:141)
at org.testng.internal.invokers.TestInvoker.invokeMethod(TestInvoker.java:687)
at org.testng.internal.invokers.TestInvoker.invokeTestMethod(TestInvoker.java:230)
at org.testng.internal.invokers.MethodRunner.runInSequence(MethodRunner.java:63)
at org.testng.internal.invokers.TestInvoker$MethodInvocationAgent.invoke(TestInvoker.java:995)
at org.testng.internal.invokers.TestInvoker.invokeTestMethods(TestInvoker.java:203)
at org.testng.internal.invokers.TestMethodWorker.invokeTestMethods(TestMethodWorker.java:154)
at org.testng.internal.invokers.TestMethodWorker.run(TestMethodWorker.java:134)
at java.base/java.util.ArrayList.forEach(ArrayList.java:1511)
at org.testng.TestRunner.privateRun(TestRunner.java:741)
at org.testng.TestRunner.run(TestRunner.java:616)
at org.testng.SuiteRunner.runTest(SuiteRunner.java:421)
at org.testng.SuiteRunner.runSequentially(SuiteRunner.java:413)
at org.testng.SuiteRunner.privateRun(SuiteRunner.java:373)
at org.testng.SuiteRunner.run(SuiteRunner.java:312)
at org.testng.SuiteRunnerWorker.runSuite(SuiteRunnerWorker.java:52)
at org.testng.SuiteRunnerWorker.run(SuiteRunnerWorker.java:95)
at org.testng.TestNG.runSuitesSequentially(TestNG.java:1274)
at org.testng.TestNG.runSuitesLocally(TestNG.java:1208)
at org.testng.TestNG.runSuites(TestNG.java:1112)
at org.testng.TestNG.run(TestNG.java:1079)
at org.testng.remote.AbstractRemoteTestNG.run(AbstractRemoteTestNG.java:115)
at org.testng.remote.RemoteTestNG.initAndRun(RemoteTestNG.java:293)
at org.testng.remote.RemoteTestNG.main(RemoteTestNG.java:91)
]]>
            </full-stacktrace>
          </exception> <!-- java.lang.AssertionError -->
          <reporter-output>
          </reporter-output>
        </test-method> <!-- TC02_ClickOnLangaugebtn -->
        <test-method is-config="true" signature="TearDown()[pri:0, instance:testCases.HomePageValidation@4ed5eb72]" started-at="2025-12-31T13:49:44 IST" name="TearDown" finished-at="2025-12-31T13:49:45 IST" duration-ms="356" status="PASS">
          <reporter-output>
          </reporter-output>
        </test-method> <!-- TearDown -->
      </class> <!-- testCases.HomePageValidation -->
    </test> <!-- Default test -->
  </suite> <!-- Default suite -->
</testng-results>
