<?xml version="1.0" encoding="UTF-8"?>
<!-- Generated by org.testng.reporters.JUnitReportReporter -->
<testsuite hostname="DESKTOP-OBQ3MPO" failures="0" tests="2" name="testCases.CartPageValidation" time="5.653" errors="0" timestamp="2026-01-05T18:49:28 IST" skipped="0">
  <testcase classname="testCases.CartPageValidation" name="TC01_CartIteamCount" time="1.818"/>
  <testcase classname="testCases.CartPageValidation" name="TC02_deleItem" time="3.835"/>
</testsuite> <!-- testCases.CartPageValidation -->
