<?xml version="1.0" encoding="UTF-8"?>
<!-- Generated by org.testng.reporters.JUnitReportReporter -->
<testsuite hostname="DESKTOP-OBQ3MPO" failures="0" tests="3" name="testCases.ProductResultPageValidation" time="0.566" errors="0" timestamp="2026-01-05T18:49:28 IST" skipped="0">
  <testcase classname="testCases.ProductResultPageValidation" name="TC02_CheckAllProductIsHp" time="0.047"/>
  <testcase classname="testCases.ProductResultPageValidation" name="TC03_Addproducts" time="0.078"/>
  <testcase classname="testCases.ProductResultPageValidation" name="TC01_ChoseHpLaptop" time="0.441"/>
</testsuite> <!-- testCases.ProductResultPageValidation -->
