<?xml version="1.0" encoding="UTF-8"?>
<!-- Generated by org.testng.reporters.JUnitReportReporter -->
<testsuite hostname="DESKTOP-OBQ3MPO" failures="0" tests="3" name="testCases.SignInValidation" time="23.089" errors="0" timestamp="2026-01-04T15:46:27 IST" skipped="0">
  <testcase classname="testCases.SignInValidation" name="TC01_OpenSingInPage" time="2.508"/>
  <testcase classname="testCases.SignInValidation" name="TC02_FillCreds" time="5.278"/>
  <testcase classname="testCases.SignInValidation" name="TC02_FillCreds" time="15.303"/>
</testsuite> <!-- testCases.SignInValidation -->
