<?xml version="1.0" encoding="UTF-8"?>
<!-- Generated by org.testng.reporters.JUnitReportReporter -->
<testsuite hostname="DESKTOP-OBQ3MPO" failures="0" tests="3" name="testCases.ProductResultPageValidation" time="3.168" errors="0" timestamp="2026-01-04T17:30:48 IST" skipped="0">
  <testcase classname="testCases.ProductResultPageValidation" name="TC02_CheckAllProductIsHp" time="0.081"/>
  <testcase classname="testCases.ProductResultPageValidation" name="TC01_ChoseHpLaptop" time="1.640"/>
  <testcase classname="testCases.ProductResultPageValidation" name="TC03_Addproducts" time="1.447"/>
</testsuite> <!-- testCases.ProductResultPageValidation -->
