<?xml version="1.0" encoding="UTF-8"?>
<!-- Generated by org.testng.reporters.JUnitReportReporter -->
<testsuite hostname="DESKTOP-OBQ3MPO" failures="0" tests="3" name="testCases.SignInValidation" time="27.019" errors="0" timestamp="2025-12-31T12:25:26 IST" skipped="0">
  <testcase classname="testCases.SignInValidation" name="TC01_OpenSingInPage" time="2.138"/>
  <testcase classname="testCases.SignInValidation" name="TC02_FillCreds" time="17.537"/>
  <testcase classname="testCases.SignInValidation" name="TC02_FillCreds" time="7.344"/>
</testsuite> <!-- testCases.SignInValidation -->
