<?xml version="1.0" encoding="UTF-8"?>
<!-- Generated by org.testng.reporters.JUnitReportReporter -->
<testsuite hostname="DESKTOP-OBQ3MPO" failures="0" tests="2" name="testCases.HomePageValidation" time="5.822" errors="0" timestamp="2025-12-31T14:45:23 IST" skipped="0">
  <testcase classname="testCases.HomePageValidation" name="TC02_ClickOnLangaugebtn" time="3.651"/>
  <testcase classname="testCases.HomePageValidation" name="TC01_ClcikOnLangaugeLogo" time="2.171"/>
</testsuite> <!-- testCases.HomePageValidation -->
