<?xml version="1.0" encoding="UTF-8"?>
<!-- Generated by org.testng.reporters.JUnitReportReporter -->
<testsuite hostname="DESKTOP-OBQ3MPO" failures="0" tests="3" name="testCases.SignInValidation" time="21.599" errors="0" timestamp="2025-12-29T17:21:15 IST" skipped="0">
  <testcase classname="testCases.SignInValidation" name="TC02_FillCreds" time="5.088"/>
  <testcase classname="testCases.SignInValidation" name="TC01_OpenSingInPage" time="1.903"/>
  <testcase classname="testCases.SignInValidation" name="TC02_FillCreds" time="14.608"/>
</testsuite> <!-- testCases.SignInValidation -->
