<?xml version="1.0" encoding="UTF-8"?>
<!-- Generated by org.testng.reporters.JUnitReportReporter -->
<testsuite hostname="DESKTOP-OBQ3MPO" failures="0" tests="2" name="testCases.HomePageValidation" time="6.139" errors="0" timestamp="2025-12-31T14:52:18 IST" skipped="0">
  <testcase classname="testCases.HomePageValidation" name="TC01_ClcikOnLangaugeLogo" time="2.271"/>
  <testcase classname="testCases.HomePageValidation" name="TC02_ClickOnLangaugebtn" time="3.868"/>
</testsuite> <!-- testCases.HomePageValidation -->
