<?xml version="1.0" encoding="UTF-8"?>
<!-- Generated by org.testng.reporters.JUnitReportReporter -->
<testsuite hostname="DESKTOP-OBQ3MPO" failures="0" tests="3" name="testCases.SignInValidation" time="20.960" errors="0" timestamp="2025-12-29T15:44:42 IST" skipped="0">
  <testcase classname="testCases.SignInValidation" name="TC01_OpenSingInPage" time="2.152"/>
  <testcase classname="testCases.SignInValidation" name="TC02_FillCreds" time="13.917"/>
  <testcase classname="testCases.SignInValidation" name="TC02_FillCreds" time="4.891"/>
</testsuite> <!-- testCases.SignInValidation -->
